<?xml version="1.0" encoding="UTF-8"?>
<testng-results ignored="1" total="2" passed="1" failed="0" skipped="0">
  <reporter-output>
  </reporter-output>
  <suite started-at="2024-12-23T22:51:20 IST" name="Default suite" finished-at="2024-12-23T22:51:43 IST" duration-ms="23607">
    <groups>
    </groups>
    <test started-at="2024-12-23T22:51:20 IST" name="Default test" finished-at="2024-12-23T22:51:43 IST" duration-ms="23607">
      <class name="tests.TestLogin">
        <test-method is-config="true" signature="openBrowser()[pri:0, instance:tests.TestLogin@31d7b7bf]" started-at="2024-12-23T22:51:20 IST" name="openBrowser" finished-at="2024-12-23T22:51:31 IST" duration-ms="11341" status="PASS">
          <reporter-output>
          </reporter-output>
        </test-method> <!-- openBrowser -->
        <test-method signature="testInvalidLogin()[pri:0, instance:tests.TestLogin@31d7b7bf]" started-at="2024-12-23T22:51:31 IST" name="testInvalidLogin" finished-at="2024-12-23T22:51:43 IST" duration-ms="11793" status="PASS">
          <reporter-output>
          </reporter-output>
        </test-method> <!-- testInvalidLogin -->
        <test-method is-config="true" signature="closeBrowser()[pri:0, instance:tests.TestLogin@31d7b7bf]" started-at="2024-12-23T22:51:43 IST" name="closeBrowser" finished-at="2024-12-23T22:51:43 IST" duration-ms="448" status="PASS">
          <reporter-output>
          </reporter-output>
        </test-method> <!-- closeBrowser -->
      </class> <!-- tests.TestLogin -->
    </test> <!-- Default test -->
  </suite> <!-- Default suite -->
</testng-results>
