<?xml version="1.0" encoding="UTF-8"?>
<!-- Generated by org.testng.reporters.JUnitXMLReporter -->
<testsuite ignored="1" hostname="IN-BDM9WP3" failures="1" tests="1" name="FilterTest" time="0.033" errors="0" timestamp="2024-12-19T22:44:16 IST">
  <testcase classname="tests.TestFilter" name="testStorageFilter" time="0.031">
    <failure type="java.lang.NullPointerException" message="Cannot invoke &amp;quot;org.openqa.selenium.WebDriver.findElement(org.openqa.selenium.By)&amp;quot; because &amp;quot;this.driver&amp;quot; is null">
      <![CDATA[java.lang.NullPointerException: Cannot invoke "org.openqa.selenium.WebDriver.findElement(org.openqa.selenium.By)" because "this.driver" is null
at pages.HomePage.searchProduct(HomePage.java:69)
at tests.TestFilter.testStorageFilter(TestFilter.java:38)
at java.base/java.util.ArrayList.forEach(ArrayList.java:1511)
... Removed 27 stack frames]]>
    </failure>
  </testcase> <!-- testStorageFilter -->
  <testcase classname="tests.TestFilter" name="testInvalidMaxPriceFilter" time="0.0">
    <ignored/>
  </testcase> <!-- testInvalidMaxPriceFilter -->
</testsuite> <!-- FilterTest -->
